g:\work\github\_mygit\dcccontrollerwin\dcccontroller\x64\debug\vc142.pdb
g:\work\github\_mygit\dcccontrollerwin\dcccontroller\x64\debug\vc142.idb
g:\work\github\_mygit\dcccontrollerwin\dcccontroller\x64\debug\webgetcommand.obj
g:\work\github\_mygit\dcccontrollerwin\dcccontroller\x64\debug\registryio.obj
g:\work\github\_mygit\dcccontrollerwin\dcccontroller\x64\debug\raildevice.obj
g:\work\github\_mygit\dcccontrollerwin\dcccontroller\x64\debug\jpegtest.obj
g:\work\github\_mygit\dcccontrollerwin\dcccontroller\x64\debug\fileio.obj
g:\work\github\_mygit\dcccontrollerwin\dcccontroller\x64\debug\dccmonitordialog.obj
g:\work\github\_mygit\dcccontrollerwin\dcccontroller\x64\debug\dcccontroller.obj
g:\work\github\_mygit\dcccontrollerwin\dcccontroller\x64\debug\customslidertest.obj
g:\work\github\_mygit\dcccontrollerwin\dcccontroller\x64\debug\clientsendrec.obj
g:\work\github\_mygit\dcccontrollerwin\dcccontroller\x64\debug\sendurl.obj
g:\work\github\_mygit\dcccontrollerwin\x64\debug\dcccontroller.exe
g:\work\github\_mygit\dcccontrollerwin\dcccontroller\x64\debug\dcccontroller.ilk
g:\work\github\_mygit\dcccontrollerwin\x64\debug\dcccontroller.pdb
g:\work\github\_mygit\dcccontrollerwin\dcccontroller\x64\debug\dcccontroller.res
g:\work\github\_mygit\dcccontrollerwin\dcccontroller\x64\debug\dcccontroller.tlog\cl.command.1.tlog
g:\work\github\_mygit\dcccontrollerwin\dcccontroller\x64\debug\dcccontroller.tlog\cl.read.1.tlog
g:\work\github\_mygit\dcccontrollerwin\dcccontroller\x64\debug\dcccontroller.tlog\cl.write.1.tlog
g:\work\github\_mygit\dcccontrollerwin\dcccontroller\x64\debug\dcccontroller.tlog\link.command.1.tlog
g:\work\github\_mygit\dcccontrollerwin\dcccontroller\x64\debug\dcccontroller.tlog\link.read.1.tlog
g:\work\github\_mygit\dcccontrollerwin\dcccontroller\x64\debug\dcccontroller.tlog\link.write.1.tlog
g:\work\github\_mygit\dcccontrollerwin\dcccontroller\x64\debug\dcccontroller.tlog\rc.command.1.tlog
g:\work\github\_mygit\dcccontrollerwin\dcccontroller\x64\debug\dcccontroller.tlog\rc.read.1.tlog
g:\work\github\_mygit\dcccontrollerwin\dcccontroller\x64\debug\dcccontroller.tlog\rc.write.1.tlog
